<?xml version="1.0" encoding="UTF-8"?>
<!-- Generated by org.testng.reporters.JUnitReportReporter -->
<testsuite skipped="0" hostname="Admins-MBP-2.Dlink" name="openBrowser.TestAnnotation1" tests="1" failures="0" timestamp="14 Mar 2020 03:26:57 GMT" time="8.815" errors="0">
  <testcase name="search" time="8.815" classname="openBrowser.TestAnnotation1"/>
</testsuite> <!-- openBrowser.TestAnnotation1 -->
