<?xml version="1.0" encoding="UTF-8"?>
<!-- Generated by org.testng.reporters.JUnitReportReporter -->
<testsuite skipped="1" hostname="Admins-MBP-2.Dlink" name="TestNg.TestAnnotation3" tests="3" failures="0" timestamp="29 Feb 2020 08:30:12 GMT" time="3.201" errors="0">
  <testcase name="search" time="0.001" classname="TestNg.TestAnnotation3"/>
  <testcase name="openUrl" time="3.199" classname="TestNg.TestAnnotation3"/>
  <testcase name="addtoCard" time="0.001" classname="TestNg.TestAnnotation3">
    <skipped/>
  </testcase> <!-- addtoCard -->
</testsuite> <!-- TestNg.TestAnnotation3 -->
