<?xml version="1.0" encoding="UTF-8"?>
<!-- Generated by org.testng.reporters.JUnitReportReporter -->
<testsuite skipped="0" hostname="Admins-MBP-2.Dlink" name="TestNg.TestAnnotations2" tests="3" failures="0" timestamp="29 Feb 2020 08:30:12 GMT" time="3.856" errors="0">
  <testcase name="addtoCard" time="0.005" classname="TestNg.TestAnnotations2"/>
  <testcase name="search" time="0.001" classname="TestNg.TestAnnotations2"/>
  <testcase name="openUrl" time="3.850" classname="TestNg.TestAnnotations2"/>
</testsuite> <!-- TestNg.TestAnnotations2 -->
