<?xml version="1.0" encoding="UTF-8"?>
<!-- Generated by org.testng.reporters.JUnitReportReporter -->
<testsuite skipped="0" hostname="Admins-MBP-2.Dlink" name="TestNg.TestAnnotation1" tests="3" failures="0" timestamp="29 Feb 2020 08:30:12 GMT" time="3.553" errors="0">
  <testcase name="search" time="0.001" classname="TestNg.TestAnnotation1"/>
  <testcase name="openUrl" time="3.550" classname="TestNg.TestAnnotation1"/>
  <testcase name="addtoCard" time="0.002" classname="TestNg.TestAnnotation1"/>
</testsuite> <!-- TestNg.TestAnnotation1 -->
